[debug] [2020-11-05T19:35:55.623Z] ----------------------------------------------------------------------
[debug] [2020-11-05T19:35:55.625Z] Command:       C:\Program Files\nodejs\node.exe C:\Users\Kamil\AppData\Roaming\npm\node_modules\firebase-tools\lib\bin\firebase.js deploy --debug
[debug] [2020-11-05T19:35:55.626Z] CLI Version:   8.15.0
[debug] [2020-11-05T19:35:55.626Z] Platform:      win32
[debug] [2020-11-05T19:35:55.626Z] Node Version:  v12.18.3
[debug] [2020-11-05T19:35:55.627Z] Time:          Thu Nov 05 2020 20:35:55 GMT+0100 (GMT+01:00)
[debug] [2020-11-05T19:35:55.627Z] ----------------------------------------------------------------------
[debug] [2020-11-05T19:35:55.627Z] 
[debug] [2020-11-05T19:35:55.634Z] > command requires scopes: ["email","openid","https://www.googleapis.com/auth/cloudplatformprojects.readonly","https://www.googleapis.com/auth/firebase","https://www.googleapis.com/auth/cloud-platform"]
[debug] [2020-11-05T19:35:55.637Z] > authorizing via signed-in user
[debug] [2020-11-05T19:35:55.638Z] [iam] checking project curiosity-97ecf for permissions ["cloudfunctions.functions.create","cloudfunctions.functions.delete","cloudfunctions.functions.get","cloudfunctions.functions.list","cloudfunctions.functions.update","cloudfunctions.operations.get","datastore.indexes.create","datastore.indexes.delete","datastore.indexes.list","datastore.indexes.update","firebase.projects.get","firebaserules.releases.create","firebaserules.releases.update","firebaserules.rulesets.create"]
[debug] [2020-11-05T19:35:55.642Z] >>> HTTP REQUEST POST https://cloudresourcemanager.googleapis.com/v1/projects/curiosity-97ecf:testIamPermissions  
 {"permissions":["cloudfunctions.functions.create","cloudfunctions.functions.delete","cloudfunctions.functions.get","cloudfunctions.functions.list","cloudfunctions.functions.update","cloudfunctions.operations.get","datastore.indexes.create","datastore.indexes.delete","datastore.indexes.list","datastore.indexes.update","firebase.projects.get","firebaserules.releases.create","firebaserules.releases.update","firebaserules.rulesets.create"]}
[debug] [2020-11-05T19:35:56.426Z] <<< HTTP RESPONSE 200 {"content-type":"application/json; charset=UTF-8","vary":"X-Origin, Referer, Origin,Accept-Encoding","date":"Thu, 05 Nov 2020 19:35:55 GMT","server":"ESF","cache-control":"private","x-xss-protection":"0","x-frame-options":"SAMEORIGIN","x-content-type-options":"nosniff","server-timing":"gfet4t7; dur=704","alt-svc":"h3-Q050=\":443\"; ma=2592000,h3-29=\":443\"; ma=2592000,h3-T051=\":443\"; ma=2592000,h3-T050=\":443\"; ma=2592000,h3-Q046=\":443\"; ma=2592000,h3-Q043=\":443\"; ma=2592000,quic=\":443\"; ma=2592000; v=\"46,43\"","accept-ranges":"none","transfer-encoding":"chunked"}
[debug] [2020-11-05T19:35:56.428Z] >>> HTTP REQUEST POST https://iam.googleapis.com/v1/projects/curiosity-97ecf/serviceAccounts/curiosity-97ecf@appspot.gserviceaccount.com:testIamPermissions  
 {"permissions":["iam.serviceAccounts.actAs"]}
[debug] [2020-11-05T19:35:57.197Z] <<< HTTP RESPONSE 200 {"content-type":"application/json; charset=UTF-8","vary":"X-Origin, Referer, Origin,Accept-Encoding","date":"Thu, 05 Nov 2020 19:35:56 GMT","server":"ESF","cache-control":"private","x-xss-protection":"0","x-frame-options":"SAMEORIGIN","x-content-type-options":"nosniff","alt-svc":"h3-Q050=\":443\"; ma=2592000,h3-29=\":443\"; ma=2592000,h3-T051=\":443\"; ma=2592000,h3-T050=\":443\"; ma=2592000,h3-Q046=\":443\"; ma=2592000,h3-Q043=\":443\"; ma=2592000,quic=\":443\"; ma=2592000; v=\"46,43\"","accept-ranges":"none","transfer-encoding":"chunked"}
[info] 
[info] === Deploying to 'curiosity-97ecf'...
[info] 
[info] i  deploying storage, firestore, functions 
[info] Running command: npm --prefix "$RESOURCE_DIR" run lint
[info] +  functions: Finished running predeploy script. 
[debug] [2020-11-05T19:36:07.709Z] >>> HTTP REQUEST GET https://appengine.googleapis.com/v1/apps/curiosity-97ecf  
 
[debug] [2020-11-05T19:36:07.987Z] <<< HTTP RESPONSE 200 {"content-type":"application/json; charset=UTF-8","vary":"X-Origin, Referer, Origin,Accept-Encoding","date":"Thu, 05 Nov 2020 19:36:07 GMT","server":"ESF","cache-control":"private","x-xss-protection":"0","x-frame-options":"SAMEORIGIN","x-content-type-options":"nosniff","alt-svc":"h3-Q050=\":443\"; ma=2592000,h3-29=\":443\"; ma=2592000,h3-T051=\":443\"; ma=2592000,h3-T050=\":443\"; ma=2592000,h3-Q046=\":443\"; ma=2592000,h3-Q043=\":443\"; ma=2592000,quic=\":443\"; ma=2592000; v=\"46,43\"","accept-ranges":"none","transfer-encoding":"chunked"}
[info] i  firebase.storage: checking storage.rules for compilation errors... 
[debug] [2020-11-05T19:36:07.990Z] >>> HTTP REQUEST POST https://firebaserules.googleapis.com/v1/projects/curiosity-97ecf:test  
 {"source":{"files":[{"name":"storage.rules","content":"rules_version = '2';\nservice firebase.storage {\n  match /b/{bucket}/o {\n    match /{allPaths=**} {\n      allow read, write: if request.auth!=null;\n    }\n  }\n}\n"}]}}
[debug] [2020-11-05T19:36:08.894Z] <<< HTTP RESPONSE 200 {"content-type":"application/json; charset=UTF-8","vary":"X-Origin, Referer, Origin,Accept-Encoding","date":"Thu, 05 Nov 2020 19:36:08 GMT","server":"ESF","cache-control":"private","x-xss-protection":"0","x-frame-options":"SAMEORIGIN","x-content-type-options":"nosniff","alt-svc":"h3-Q050=\":443\"; ma=2592000,h3-29=\":443\"; ma=2592000,h3-T051=\":443\"; ma=2592000,h3-T050=\":443\"; ma=2592000,h3-Q046=\":443\"; ma=2592000,h3-Q043=\":443\"; ma=2592000,quic=\":443\"; ma=2592000; v=\"46,43\"","accept-ranges":"none","transfer-encoding":"chunked"}
[info] +  firebase.storage: rules file storage.rules compiled successfully 
[info] i  firestore: reading indexes from firestore.indexes.json... 
[info] i  cloud.firestore: checking firestore.rules for compilation errors... 
[debug] [2020-11-05T19:36:08.901Z] >>> HTTP REQUEST POST https://firebaserules.googleapis.com/v1/projects/curiosity-97ecf:test  
 {"source":{"files":[{"name":"firestore.rules","content":"rules_version = '2';\nservice cloud.firestore {\n  match /databases/{database}/documents {\n    match /{document=**} {\n      allow read, write: if\n          request.time < timestamp.date(2020, 12, 5);\n    }\n  }\n}"}]}}
[debug] [2020-11-05T19:36:09.787Z] <<< HTTP RESPONSE 200 {"content-type":"application/json; charset=UTF-8","vary":"X-Origin, Referer, Origin,Accept-Encoding","date":"Thu, 05 Nov 2020 19:36:08 GMT","server":"ESF","cache-control":"private","x-xss-protection":"0","x-frame-options":"SAMEORIGIN","x-content-type-options":"nosniff","alt-svc":"h3-Q050=\":443\"; ma=2592000,h3-29=\":443\"; ma=2592000,h3-T051=\":443\"; ma=2592000,h3-T050=\":443\"; ma=2592000,h3-Q046=\":443\"; ma=2592000,h3-Q043=\":443\"; ma=2592000,quic=\":443\"; ma=2592000; v=\"46,43\"","accept-ranges":"none","transfer-encoding":"chunked"}
[info] +  cloud.firestore: rules file firestore.rules compiled successfully 
[debug] [2020-11-05T19:36:09.791Z] > [functions] package.json contents: {
  "name": "functions",
  "scripts": {
    "lint": "eslint \"src/**/*\"",
    "build": "tsc",
    "serve": "npm run build && firebase emulators:start --only functions",
    "shell": "npm run build && firebase functions:shell",
    "start": "npm run shell",
    "deploy": "firebase deploy --only functions",
    "logs": "firebase functions:log"
  },
  "engines": {
    "node": "12"
  },
  "main": "lib/index.js",
  "dependencies": {
    "firebase-admin": "^9.2.0",
    "firebase-functions": "^3.11.0"
  },
  "devDependencies": {
    "@typescript-eslint/eslint-plugin": "^3.9.1",
    "@typescript-eslint/parser": "^3.8.0",
    "eslint": "^7.6.0",
    "eslint-plugin-import": "^2.22.0",
    "typescript": "^3.8.0",
    "firebase-functions-test": "^0.2.0"
  },
  "private": true
}
[info] i  functions: ensuring required API cloudfunctions.googleapis.com is enabled... 
[info] i  functions: ensuring required API cloudbuild.googleapis.com is enabled... 
[debug] [2020-11-05T19:36:12.614Z] >>> HTTP REQUEST GET https://serviceusage.googleapis.com/v1/projects/curiosity-97ecf/services/cloudfunctions.googleapis.com  
 
[debug] [2020-11-05T19:36:12.617Z] >>> HTTP REQUEST GET https://serviceusage.googleapis.com/v1/projects/curiosity-97ecf/services/runtimeconfig.googleapis.com  
 
[debug] [2020-11-05T19:36:12.618Z] >>> HTTP REQUEST GET https://serviceusage.googleapis.com/v1/projects/curiosity-97ecf/services/cloudbuild.googleapis.com  
 
[debug] [2020-11-05T19:36:13.504Z] <<< HTTP RESPONSE 200 {"content-type":"application/json; charset=UTF-8","vary":"X-Origin, Referer, Origin,Accept-Encoding","date":"Thu, 05 Nov 2020 19:36:12 GMT","server":"ESF","cache-control":"private","x-xss-protection":"0","x-frame-options":"SAMEORIGIN","x-content-type-options":"nosniff","alt-svc":"h3-Q050=\":443\"; ma=2592000,h3-29=\":443\"; ma=2592000,h3-T051=\":443\"; ma=2592000,h3-T050=\":443\"; ma=2592000,h3-Q046=\":443\"; ma=2592000,h3-Q043=\":443\"; ma=2592000,quic=\":443\"; ma=2592000; v=\"46,43\"","accept-ranges":"none","transfer-encoding":"chunked"}
[debug] [2020-11-05T19:36:13.530Z] <<< HTTP RESPONSE 200 {"content-type":"application/json; charset=UTF-8","vary":"X-Origin, Referer, Origin,Accept-Encoding","date":"Thu, 05 Nov 2020 19:36:12 GMT","server":"ESF","cache-control":"private","x-xss-protection":"0","x-frame-options":"SAMEORIGIN","x-content-type-options":"nosniff","alt-svc":"h3-Q050=\":443\"; ma=2592000,h3-29=\":443\"; ma=2592000,h3-T051=\":443\"; ma=2592000,h3-T050=\":443\"; ma=2592000,h3-Q046=\":443\"; ma=2592000,h3-Q043=\":443\"; ma=2592000,quic=\":443\"; ma=2592000; v=\"46,43\"","accept-ranges":"none","transfer-encoding":"chunked"}
[info] +  functions: required API cloudbuild.googleapis.com is enabled 
[debug] [2020-11-05T19:36:13.535Z] <<< HTTP RESPONSE 200 {"content-type":"application/json; charset=UTF-8","vary":"X-Origin, Referer, Origin,Accept-Encoding","date":"Thu, 05 Nov 2020 19:36:12 GMT","server":"ESF","cache-control":"private","x-xss-protection":"0","x-frame-options":"SAMEORIGIN","x-content-type-options":"nosniff","alt-svc":"h3-Q050=\":443\"; ma=2592000,h3-29=\":443\"; ma=2592000,h3-T051=\":443\"; ma=2592000,h3-T050=\":443\"; ma=2592000,h3-Q046=\":443\"; ma=2592000,h3-Q043=\":443\"; ma=2592000,quic=\":443\"; ma=2592000; v=\"46,43\"","accept-ranges":"none","transfer-encoding":"chunked"}
[info] +  functions: required API cloudfunctions.googleapis.com is enabled 
[debug] [2020-11-05T19:36:13.537Z] >>> HTTP REQUEST GET https://firebase.googleapis.com/v1beta1/projects/curiosity-97ecf/adminSdkConfig  
 
[debug] [2020-11-05T19:36:13.940Z] <<< HTTP RESPONSE 200 {"content-type":"application/json; charset=UTF-8","vary":"X-Origin, Referer, Origin,Accept-Encoding","date":"Thu, 05 Nov 2020 19:36:13 GMT","server":"ESF","cache-control":"private","x-xss-protection":"0","x-frame-options":"SAMEORIGIN","x-content-type-options":"nosniff","alt-svc":"h3-Q050=\":443\"; ma=2592000,h3-29=\":443\"; ma=2592000,h3-T051=\":443\"; ma=2592000,h3-T050=\":443\"; ma=2592000,h3-Q046=\":443\"; ma=2592000,h3-Q043=\":443\"; ma=2592000,quic=\":443\"; ma=2592000; v=\"46,43\"","accept-ranges":"none","transfer-encoding":"chunked"}
[debug] [2020-11-05T19:36:13.942Z] >>> HTTP REQUEST GET https://firebaserules.googleapis.com/v1/projects/curiosity-97ecf/releases?pageSize=10&pageToken=  
 
[debug] [2020-11-05T19:36:14.828Z] <<< HTTP RESPONSE 200 {"content-type":"application/json; charset=UTF-8","vary":"X-Origin, Referer, Origin,Accept-Encoding","date":"Thu, 05 Nov 2020 19:36:13 GMT","server":"ESF","cache-control":"private","x-xss-protection":"0","x-frame-options":"SAMEORIGIN","x-content-type-options":"nosniff","alt-svc":"h3-Q050=\":443\"; ma=2592000,h3-29=\":443\"; ma=2592000,h3-T051=\":443\"; ma=2592000,h3-T050=\":443\"; ma=2592000,h3-Q046=\":443\"; ma=2592000,h3-Q043=\":443\"; ma=2592000,quic=\":443\"; ma=2592000; v=\"46,43\"","accept-ranges":"none","transfer-encoding":"chunked"}
[debug] [2020-11-05T19:36:14.830Z] >>> HTTP REQUEST GET https://firebaserules.googleapis.com/v1/projects/curiosity-97ecf/rulesets/6c28080a-3dd8-4120-9026-5933f6ce3560  
 
[debug] [2020-11-05T19:36:15.750Z] <<< HTTP RESPONSE 200 {"content-type":"application/json; charset=UTF-8","vary":"X-Origin, Referer, Origin,Accept-Encoding","date":"Thu, 05 Nov 2020 19:36:14 GMT","server":"ESF","cache-control":"private","x-xss-protection":"0","x-frame-options":"SAMEORIGIN","x-content-type-options":"nosniff","alt-svc":"h3-Q050=\":443\"; ma=2592000,h3-29=\":443\"; ma=2592000,h3-T051=\":443\"; ma=2592000,h3-T050=\":443\"; ma=2592000,h3-Q046=\":443\"; ma=2592000,h3-Q043=\":443\"; ma=2592000,quic=\":443\"; ma=2592000; v=\"46,43\"","accept-ranges":"none","transfer-encoding":"chunked"}
[info] i  storage: uploading rules storage.rules... 
[debug] [2020-11-05T19:36:15.753Z] >>> HTTP REQUEST POST https://firebaserules.googleapis.com/v1/projects/curiosity-97ecf/rulesets  
 {"source":{"files":[{"name":"storage.rules","content":"rules_version = '2';\nservice firebase.storage {\n  match /b/{bucket}/o {\n    match /{allPaths=**} {\n      allow read, write: if request.auth!=null;\n    }\n  }\n}\n"}]}}
[debug] [2020-11-05T19:36:16.156Z] <<< HTTP RESPONSE 200 {"content-type":"application/json; charset=UTF-8","vary":"X-Origin, Referer, Origin,Accept-Encoding","date":"Thu, 05 Nov 2020 19:36:15 GMT","server":"ESF","cache-control":"private","x-xss-protection":"0","x-frame-options":"SAMEORIGIN","x-content-type-options":"nosniff","alt-svc":"h3-Q050=\":443\"; ma=2592000,h3-29=\":443\"; ma=2592000,h3-T051=\":443\"; ma=2592000,h3-T050=\":443\"; ma=2592000,h3-Q046=\":443\"; ma=2592000,h3-Q043=\":443\"; ma=2592000,quic=\":443\"; ma=2592000; v=\"46,43\"","accept-ranges":"none","transfer-encoding":"chunked"}
[debug] [2020-11-05T19:36:16.157Z] [rules] created ruleset projects/curiosity-97ecf/rulesets/8e9ce4e8-ed5f-4992-bcd5-b845d8c6f14c
[debug] [2020-11-05T19:36:16.160Z] >>> HTTP REQUEST GET https://firebaserules.googleapis.com/v1/projects/curiosity-97ecf/releases?pageSize=10&pageToken=  
 
[debug] [2020-11-05T19:36:16.162Z] >>> HTTP REQUEST GET https://firestore.googleapis.com/v1/projects/curiosity-97ecf/databases/(default)/collectionGroups/-/indexes  
 
[debug] [2020-11-05T19:36:16.439Z] <<< HTTP RESPONSE 200 {"content-type":"application/json; charset=UTF-8","vary":"X-Origin, Referer, Origin,Accept-Encoding","date":"Thu, 05 Nov 2020 19:36:15 GMT","server":"ESF","cache-control":"private","x-xss-protection":"0","x-frame-options":"SAMEORIGIN","x-content-type-options":"nosniff","alt-svc":"h3-Q050=\":443\"; ma=2592000,h3-29=\":443\"; ma=2592000,h3-T051=\":443\"; ma=2592000,h3-T050=\":443\"; ma=2592000,h3-Q046=\":443\"; ma=2592000,h3-Q043=\":443\"; ma=2592000,quic=\":443\"; ma=2592000; v=\"46,43\"","accept-ranges":"none","transfer-encoding":"chunked"}
[debug] [2020-11-05T19:36:16.440Z] >>> HTTP REQUEST GET https://firestore.googleapis.com/v1/projects/curiosity-97ecf/databases/(default)/collectionGroups/-/fields?filter=indexConfig.usesAncestorConfig=false  
 
[debug] [2020-11-05T19:36:16.693Z] <<< HTTP RESPONSE 200 {"content-type":"application/json; charset=UTF-8","vary":"X-Origin, Referer, Origin,Accept-Encoding","date":"Thu, 05 Nov 2020 19:36:15 GMT","server":"ESF","cache-control":"private","x-xss-protection":"0","x-frame-options":"SAMEORIGIN","x-content-type-options":"nosniff","alt-svc":"h3-Q050=\":443\"; ma=2592000,h3-29=\":443\"; ma=2592000,h3-T051=\":443\"; ma=2592000,h3-T050=\":443\"; ma=2592000,h3-Q046=\":443\"; ma=2592000,h3-Q043=\":443\"; ma=2592000,quic=\":443\"; ma=2592000; v=\"46,43\"","accept-ranges":"none","transfer-encoding":"chunked"}
[info] +  firestore: deployed indexes in firestore.indexes.json successfully 
[debug] [2020-11-05T19:36:17.079Z] <<< HTTP RESPONSE 200 {"content-type":"application/json; charset=UTF-8","vary":"X-Origin, Referer, Origin,Accept-Encoding","date":"Thu, 05 Nov 2020 19:36:16 GMT","server":"ESF","cache-control":"private","x-xss-protection":"0","x-frame-options":"SAMEORIGIN","x-content-type-options":"nosniff","alt-svc":"h3-Q050=\":443\"; ma=2592000,h3-29=\":443\"; ma=2592000,h3-T051=\":443\"; ma=2592000,h3-T050=\":443\"; ma=2592000,h3-Q046=\":443\"; ma=2592000,h3-Q043=\":443\"; ma=2592000,quic=\":443\"; ma=2592000; v=\"46,43\"","accept-ranges":"none","transfer-encoding":"chunked"}
[debug] [2020-11-05T19:36:17.080Z] >>> HTTP REQUEST GET https://firebaserules.googleapis.com/v1/projects/curiosity-97ecf/rulesets/3b8693d7-ea15-4811-9c1a-d00f666b7739  
 
[debug] [2020-11-05T19:36:17.981Z] <<< HTTP RESPONSE 200 {"content-type":"application/json; charset=UTF-8","vary":"X-Origin, Referer, Origin,Accept-Encoding","date":"Thu, 05 Nov 2020 19:36:17 GMT","server":"ESF","cache-control":"private","x-xss-protection":"0","x-frame-options":"SAMEORIGIN","x-content-type-options":"nosniff","alt-svc":"h3-Q050=\":443\"; ma=2592000,h3-29=\":443\"; ma=2592000,h3-T051=\":443\"; ma=2592000,h3-T050=\":443\"; ma=2592000,h3-Q046=\":443\"; ma=2592000,h3-Q043=\":443\"; ma=2592000,quic=\":443\"; ma=2592000; v=\"46,43\"","accept-ranges":"none","transfer-encoding":"chunked"}
[info] i  firestore: latest version of firestore.rules already up to date, skipping upload... 
[info] i  functions: preparing functions directory for uploading... 
[debug] [2020-11-05T19:36:17.988Z] >>> HTTP REQUEST GET https://runtimeconfig.googleapis.com/v1beta1/projects/curiosity-97ecf/configs  
 
[debug] [2020-11-05T19:36:18.925Z] <<< HTTP RESPONSE 200 {"content-type":"application/json; charset=UTF-8","vary":"X-Origin, Referer, Origin,Accept-Encoding","date":"Thu, 05 Nov 2020 19:36:18 GMT","server":"ESF","cache-control":"private","x-xss-protection":"0","x-frame-options":"SAMEORIGIN","x-content-type-options":"nosniff","alt-svc":"h3-Q050=\":443\"; ma=2592000,h3-29=\":443\"; ma=2592000,h3-T051=\":443\"; ma=2592000,h3-T050=\":443\"; ma=2592000,h3-Q046=\":443\"; ma=2592000,h3-Q043=\":443\"; ma=2592000,quic=\":443\"; ma=2592000; v=\"46,43\"","accept-ranges":"none","transfer-encoding":"chunked"}
[info] i  functions: packaged functions (45.67 KB) for uploading 
[debug] [2020-11-05T19:36:19.235Z] >>> HTTP REQUEST GET https://cloudfunctions.googleapis.com/v1/projects/curiosity-97ecf/locations/-/functions  
 
[debug] [2020-11-05T19:36:19.957Z] <<< HTTP RESPONSE 200 {"content-type":"application/json; charset=UTF-8","vary":"X-Origin, Referer, Origin,Accept-Encoding","date":"Thu, 05 Nov 2020 19:36:19 GMT","server":"ESF","cache-control":"private","x-xss-protection":"0","x-frame-options":"SAMEORIGIN","x-content-type-options":"nosniff","alt-svc":"h3-Q050=\":443\"; ma=2592000,h3-29=\":443\"; ma=2592000,h3-T051=\":443\"; ma=2592000,h3-T050=\":443\"; ma=2592000,h3-Q046=\":443\"; ma=2592000,h3-Q043=\":443\"; ma=2592000,quic=\":443\"; ma=2592000; v=\"46,43\"","accept-ranges":"none","transfer-encoding":"chunked"}
[debug] [2020-11-05T19:36:19.960Z] >>> HTTP REQUEST POST https://cloudfunctions.googleapis.com/v1/projects/curiosity-97ecf/locations/us-central1/functions:generateUploadUrl  
 
[debug] [2020-11-05T19:36:20.872Z] <<< HTTP RESPONSE 200 {"content-type":"application/json; charset=UTF-8","vary":"X-Origin, Referer, Origin,Accept-Encoding","date":"Thu, 05 Nov 2020 19:36:20 GMT","server":"ESF","cache-control":"private","x-xss-protection":"0","x-frame-options":"SAMEORIGIN","x-content-type-options":"nosniff","alt-svc":"h3-Q050=\":443\"; ma=2592000,h3-29=\":443\"; ma=2592000,h3-T051=\":443\"; ma=2592000,h3-T050=\":443\"; ma=2592000,h3-Q046=\":443\"; ma=2592000,h3-Q043=\":443\"; ma=2592000,quic=\":443\"; ma=2592000; v=\"46,43\"","accept-ranges":"none","transfer-encoding":"chunked"}
[debug] [2020-11-05T19:36:20.873Z] >>> HTTP REQUEST PUT https://storage.googleapis.com/gcf-upload-us-central1-78e0cfcb-829f-4d3a-ac2c-b196d1a9d6a3/07e07f6f-a193-4c0f-9344-f37a62a20574.zip?GoogleAccessId=service-275538069336@gcf-admin-robot.iam.gserviceaccount.com&Expires=1604606779&Signature=iMSc1k0zwBIvBmP4MSdMTIa8bTBDqOVPCUCN9wEb%2FBWuAHzLkE11o1fRQ4vf8%2FO6jmlchbYDTFFlhdNDEmJOSed%2Bi0WcHiGbjPj1%2BPk4Kbihbtfb2Uk3WHdq33NIMrKs%2BRtW2T9YWnaU4%2F4uK9DaDKwN1wRTfC8nj3H%2BGBz1s%2FwWWlgdy9MJ2U92VOrHA5Vf%2FRBdVJJoHx9x8ldKpUSGIAgc5lPpNVRjXuUCsOfvYdpS2%2B7yTXzZpPxi2v35ioy5OITRFniirG7ZW0BZ39Cxo9p5U2Y2bw9E1CiewfOUQAd6sHxV%2BTe4pOa35JTlD5jtpWDlvLBChkXLtJ29i3HA3Q%3D%3D  
 <request body omitted>
[debug] [2020-11-05T19:36:21.159Z] <<< HTTP RESPONSE 200 {"x-guploader-uploadid":"ABg5-UzogV5WJFyThhh9jcOL5Ul8CeYaoh40ZZSzWjcHXFZI34GItNHXvBUyeeFoHmeJznOt8i3gym1GyUdKuhvFBD4YUorpMA","etag":"\"a776ba139103d53696e1f71a932154db\"","x-goog-generation":"1604604980308775","x-goog-metageneration":"1","x-goog-hash":"crc32c=bPj9Yg==, md5=p3a6E5ED1TaW4fcakyFU2w==","x-goog-stored-content-length":"46770","x-goog-stored-content-encoding":"identity","vary":"Origin","content-length":"0","date":"Thu, 05 Nov 2020 19:36:20 GMT","server":"UploadServer","content-type":"text/html; charset=UTF-8","alt-svc":"h3-Q050=\":443\"; ma=2592000,h3-29=\":443\"; ma=2592000,h3-T051=\":443\"; ma=2592000,h3-T050=\":443\"; ma=2592000,h3-Q046=\":443\"; ma=2592000,h3-Q043=\":443\"; ma=2592000,quic=\":443\"; ma=2592000; v=\"46,43\""}
[info] +  functions: functions folder uploaded successfully 
[debug] [2020-11-05T19:36:21.164Z] [rules] releasing firebase.storage/curiosity-97ecf.appspot.com with ruleset projects/curiosity-97ecf/rulesets/8e9ce4e8-ed5f-4992-bcd5-b845d8c6f14c
[debug] [2020-11-05T19:36:21.165Z] >>> HTTP REQUEST PATCH https://firebaserules.googleapis.com/v1/projects/curiosity-97ecf/releases/firebase.storage/curiosity-97ecf.appspot.com  
 {"release":{"name":"projects/curiosity-97ecf/releases/firebase.storage/curiosity-97ecf.appspot.com","rulesetName":"projects/curiosity-97ecf/rulesets/8e9ce4e8-ed5f-4992-bcd5-b845d8c6f14c"}}
[debug] [2020-11-05T19:36:22.226Z] <<< HTTP RESPONSE 200 {"content-type":"application/json; charset=UTF-8","vary":"X-Origin, Referer, Origin,Accept-Encoding","date":"Thu, 05 Nov 2020 19:36:21 GMT","server":"ESF","cache-control":"private","x-xss-protection":"0","x-frame-options":"SAMEORIGIN","x-content-type-options":"nosniff","alt-svc":"h3-Q050=\":443\"; ma=2592000,h3-29=\":443\"; ma=2592000,h3-T051=\":443\"; ma=2592000,h3-T050=\":443\"; ma=2592000,h3-Q046=\":443\"; ma=2592000,h3-Q043=\":443\"; ma=2592000,quic=\":443\"; ma=2592000; v=\"46,43\"","accept-ranges":"none","transfer-encoding":"chunked"}
[debug] [2020-11-05T19:36:22.227Z] [rules] updated release projects/curiosity-97ecf/releases/firebase.storage/curiosity-97ecf.appspot.com
[info] +  storage: released rules storage.rules to firebase.storage 
[debug] [2020-11-05T19:36:22.232Z] [rules] releasing cloud.firestore with ruleset projects/curiosity-97ecf/rulesets/3b8693d7-ea15-4811-9c1a-d00f666b7739
[debug] [2020-11-05T19:36:22.234Z] >>> HTTP REQUEST PATCH https://firebaserules.googleapis.com/v1/projects/curiosity-97ecf/releases/cloud.firestore  
 {"release":{"name":"projects/curiosity-97ecf/releases/cloud.firestore","rulesetName":"projects/curiosity-97ecf/rulesets/3b8693d7-ea15-4811-9c1a-d00f666b7739"}}
[debug] [2020-11-05T19:36:23.292Z] <<< HTTP RESPONSE 200 {"content-type":"application/json; charset=UTF-8","vary":"X-Origin, Referer, Origin,Accept-Encoding","date":"Thu, 05 Nov 2020 19:36:22 GMT","server":"ESF","cache-control":"private","x-xss-protection":"0","x-frame-options":"SAMEORIGIN","x-content-type-options":"nosniff","alt-svc":"h3-Q050=\":443\"; ma=2592000,h3-29=\":443\"; ma=2592000,h3-T051=\":443\"; ma=2592000,h3-T050=\":443\"; ma=2592000,h3-Q046=\":443\"; ma=2592000,h3-Q043=\":443\"; ma=2592000,quic=\":443\"; ma=2592000; v=\"46,43\"","accept-ranges":"none","transfer-encoding":"chunked"}
[debug] [2020-11-05T19:36:23.294Z] [rules] updated release projects/curiosity-97ecf/releases/cloud.firestore
[info] +  firestore: released rules firestore.rules to cloud.firestore 
[info] i  functions: creating Node.js 12 function onFileChange(us-central1)... 
[debug] [2020-11-05T19:36:23.300Z] Trigger is:  {"eventTrigger":{"resource":"projects/_/buckets/curiosity-97ecf.appspot.com","eventType":"google.storage.object.finalize","service":"storage.googleapis.com"}}
[debug] [2020-11-05T19:36:23.305Z] >>> HTTP REQUEST POST https://cloudfunctions.googleapis.com/v1/projects/curiosity-97ecf/locations/us-central1/functions  
 {"sourceUploadUrl":"https://storage.googleapis.com/gcf-upload-us-central1-78e0cfcb-829f-4d3a-ac2c-b196d1a9d6a3/07e07f6f-a193-4c0f-9344-f37a62a20574.zip?GoogleAccessId=service-275538069336@gcf-admin-robot.iam.gserviceaccount.com&Expires=1604606779&Signature=iMSc1k0zwBIvBmP4MSdMTIa8bTBDqOVPCUCN9wEb%2FBWuAHzLkE11o1fRQ4vf8%2FO6jmlchbYDTFFlhdNDEmJOSed%2Bi0WcHiGbjPj1%2BPk4Kbihbtfb2Uk3WHdq33NIMrKs%2BRtW2T9YWnaU4%2F4uK9DaDKwN1wRTfC8nj3H%2BGBz1s%2FwWWlgdy9MJ2U92VOrHA5Vf%2FRBdVJJoHx9x8ldKpUSGIAgc5lPpNVRjXuUCsOfvYdpS2%2B7yTXzZpPxi2v35ioy5OITRFniirG7ZW0BZ39Cxo9p5U2Y2bw9E1CiewfOUQAd6sHxV%2BTe4pOa35JTlD5jtpWDlvLBChkXLtJ29i3HA3Q%3D%3D","name":"projects/curiosity-97ecf/locations/us-central1/functions/onFileChange","entryPoint":"onFileChange","labels":{"deployment-tool":"cli-firebase"},"runtime":"nodejs12","environmentVariables":{"FIREBASE_CONFIG":"{\"projectId\":\"curiosity-97ecf\",\"databaseURL\":\"https://curiosity-97ecf.firebaseio.com\",\"storageBucket\":\"curiosity-97ecf.appspot.com\",\"locationId\":\"europe-west\"}"},"eventTrigger":{"resource":"projects/_/buckets/curiosity-97ecf.appspot.com","eventType":"google.storage.object.finalize","service":"storage.googleapis.com"}}
[debug] [2020-11-05T19:36:24.474Z] <<< HTTP RESPONSE 200 {"content-type":"application/json; charset=UTF-8","vary":"X-Origin, Referer, Origin,Accept-Encoding","date":"Thu, 05 Nov 2020 19:36:23 GMT","server":"ESF","cache-control":"private","x-xss-protection":"0","x-frame-options":"SAMEORIGIN","x-content-type-options":"nosniff","alt-svc":"h3-Q050=\":443\"; ma=2592000,h3-29=\":443\"; ma=2592000,h3-T051=\":443\"; ma=2592000,h3-T050=\":443\"; ma=2592000,h3-Q046=\":443\"; ma=2592000,h3-Q043=\":443\"; ma=2592000,quic=\":443\"; ma=2592000; v=\"46,43\"","accept-ranges":"none","transfer-encoding":"chunked"}
[debug] [2020-11-05T19:36:24.476Z] >>> HTTP REQUEST GET https://cloudfunctions.googleapis.com/v1/operations/Y3VyaW9zaXR5LTk3ZWNmL3VzLWNlbnRyYWwxL29uRmlsZUNoYW5nZS9LUFVGTkFhZGxwMA  
 
[debug] [2020-11-05T19:36:24.988Z] <<< HTTP RESPONSE 200 {"content-type":"application/json; charset=UTF-8","vary":"X-Origin, Referer, Origin,Accept-Encoding","date":"Thu, 05 Nov 2020 19:36:24 GMT","server":"ESF","cache-control":"private","x-xss-protection":"0","x-frame-options":"SAMEORIGIN","x-content-type-options":"nosniff","alt-svc":"h3-Q050=\":443\"; ma=2592000,h3-29=\":443\"; ma=2592000,h3-T051=\":443\"; ma=2592000,h3-T050=\":443\"; ma=2592000,h3-Q046=\":443\"; ma=2592000,h3-Q043=\":443\"; ma=2592000,quic=\":443\"; ma=2592000; v=\"46,43\"","accept-ranges":"none","transfer-encoding":"chunked"}
[debug] [2020-11-05T19:36:26.989Z] >>> HTTP REQUEST GET https://cloudfunctions.googleapis.com/v1/operations/Y3VyaW9zaXR5LTk3ZWNmL3VzLWNlbnRyYWwxL29uRmlsZUNoYW5nZS9LUFVGTkFhZGxwMA  
 
[debug] [2020-11-05T19:36:27.449Z] <<< HTTP RESPONSE 200 {"content-type":"application/json; charset=UTF-8","vary":"X-Origin, Referer, Origin,Accept-Encoding","date":"Thu, 05 Nov 2020 19:36:26 GMT","server":"ESF","cache-control":"private","x-xss-protection":"0","x-frame-options":"SAMEORIGIN","x-content-type-options":"nosniff","alt-svc":"h3-Q050=\":443\"; ma=2592000,h3-29=\":443\"; ma=2592000,h3-T051=\":443\"; ma=2592000,h3-T050=\":443\"; ma=2592000,h3-Q046=\":443\"; ma=2592000,h3-Q043=\":443\"; ma=2592000,quic=\":443\"; ma=2592000; v=\"46,43\"","accept-ranges":"none","transfer-encoding":"chunked"}
[debug] [2020-11-05T19:36:29.460Z] >>> HTTP REQUEST GET https://cloudfunctions.googleapis.com/v1/operations/Y3VyaW9zaXR5LTk3ZWNmL3VzLWNlbnRyYWwxL29uRmlsZUNoYW5nZS9LUFVGTkFhZGxwMA  
 
[debug] [2020-11-05T19:36:29.913Z] <<< HTTP RESPONSE 200 {"content-type":"application/json; charset=UTF-8","vary":"X-Origin, Referer, Origin,Accept-Encoding","date":"Thu, 05 Nov 2020 19:36:29 GMT","server":"ESF","cache-control":"private","x-xss-protection":"0","x-frame-options":"SAMEORIGIN","x-content-type-options":"nosniff","alt-svc":"h3-Q050=\":443\"; ma=2592000,h3-29=\":443\"; ma=2592000,h3-T051=\":443\"; ma=2592000,h3-T050=\":443\"; ma=2592000,h3-Q046=\":443\"; ma=2592000,h3-Q043=\":443\"; ma=2592000,quic=\":443\"; ma=2592000; v=\"46,43\"","accept-ranges":"none","transfer-encoding":"chunked"}
[debug] [2020-11-05T19:36:31.929Z] >>> HTTP REQUEST GET https://cloudfunctions.googleapis.com/v1/operations/Y3VyaW9zaXR5LTk3ZWNmL3VzLWNlbnRyYWwxL29uRmlsZUNoYW5nZS9LUFVGTkFhZGxwMA  
 
[debug] [2020-11-05T19:36:32.199Z] <<< HTTP RESPONSE 200 {"content-type":"application/json; charset=UTF-8","vary":"X-Origin, Referer, Origin,Accept-Encoding","date":"Thu, 05 Nov 2020 19:36:31 GMT","server":"ESF","cache-control":"private","x-xss-protection":"0","x-frame-options":"SAMEORIGIN","x-content-type-options":"nosniff","alt-svc":"h3-Q050=\":443\"; ma=2592000,h3-29=\":443\"; ma=2592000,h3-T051=\":443\"; ma=2592000,h3-T050=\":443\"; ma=2592000,h3-Q046=\":443\"; ma=2592000,h3-Q043=\":443\"; ma=2592000,quic=\":443\"; ma=2592000; v=\"46,43\"","accept-ranges":"none","transfer-encoding":"chunked"}
[debug] [2020-11-05T19:36:34.206Z] >>> HTTP REQUEST GET https://cloudfunctions.googleapis.com/v1/operations/Y3VyaW9zaXR5LTk3ZWNmL3VzLWNlbnRyYWwxL29uRmlsZUNoYW5nZS9LUFVGTkFhZGxwMA  
 
[debug] [2020-11-05T19:36:34.657Z] <<< HTTP RESPONSE 200 {"content-type":"application/json; charset=UTF-8","vary":"X-Origin, Referer, Origin,Accept-Encoding","date":"Thu, 05 Nov 2020 19:36:33 GMT","server":"ESF","cache-control":"private","x-xss-protection":"0","x-frame-options":"SAMEORIGIN","x-content-type-options":"nosniff","alt-svc":"h3-Q050=\":443\"; ma=2592000,h3-29=\":443\"; ma=2592000,h3-T051=\":443\"; ma=2592000,h3-T050=\":443\"; ma=2592000,h3-Q046=\":443\"; ma=2592000,h3-Q043=\":443\"; ma=2592000,quic=\":443\"; ma=2592000; v=\"46,43\"","accept-ranges":"none","transfer-encoding":"chunked"}
[debug] [2020-11-05T19:36:36.673Z] >>> HTTP REQUEST GET https://cloudfunctions.googleapis.com/v1/operations/Y3VyaW9zaXR5LTk3ZWNmL3VzLWNlbnRyYWwxL29uRmlsZUNoYW5nZS9LUFVGTkFhZGxwMA  
 
[debug] [2020-11-05T19:36:36.966Z] <<< HTTP RESPONSE 200 {"content-type":"application/json; charset=UTF-8","vary":"X-Origin, Referer, Origin,Accept-Encoding","date":"Thu, 05 Nov 2020 19:36:36 GMT","server":"ESF","cache-control":"private","x-xss-protection":"0","x-frame-options":"SAMEORIGIN","x-content-type-options":"nosniff","alt-svc":"h3-Q050=\":443\"; ma=2592000,h3-29=\":443\"; ma=2592000,h3-T051=\":443\"; ma=2592000,h3-T050=\":443\"; ma=2592000,h3-Q046=\":443\"; ma=2592000,h3-Q043=\":443\"; ma=2592000,quic=\":443\"; ma=2592000; v=\"46,43\"","accept-ranges":"none","transfer-encoding":"chunked"}
[debug] [2020-11-05T19:36:38.978Z] >>> HTTP REQUEST GET https://cloudfunctions.googleapis.com/v1/operations/Y3VyaW9zaXR5LTk3ZWNmL3VzLWNlbnRyYWwxL29uRmlsZUNoYW5nZS9LUFVGTkFhZGxwMA  
 
[debug] [2020-11-05T19:36:39.409Z] <<< HTTP RESPONSE 200 {"content-type":"application/json; charset=UTF-8","vary":"X-Origin, Referer, Origin,Accept-Encoding","date":"Thu, 05 Nov 2020 19:36:38 GMT","server":"ESF","cache-control":"private","x-xss-protection":"0","x-frame-options":"SAMEORIGIN","x-content-type-options":"nosniff","alt-svc":"h3-Q050=\":443\"; ma=2592000,h3-29=\":443\"; ma=2592000,h3-T051=\":443\"; ma=2592000,h3-T050=\":443\"; ma=2592000,h3-Q046=\":443\"; ma=2592000,h3-Q043=\":443\"; ma=2592000,quic=\":443\"; ma=2592000; v=\"46,43\"","accept-ranges":"none","transfer-encoding":"chunked"}
[debug] [2020-11-05T19:36:41.419Z] >>> HTTP REQUEST GET https://cloudfunctions.googleapis.com/v1/operations/Y3VyaW9zaXR5LTk3ZWNmL3VzLWNlbnRyYWwxL29uRmlsZUNoYW5nZS9LUFVGTkFhZGxwMA  
 
[debug] [2020-11-05T19:36:41.855Z] <<< HTTP RESPONSE 200 {"content-type":"application/json; charset=UTF-8","vary":"X-Origin, Referer, Origin,Accept-Encoding","date":"Thu, 05 Nov 2020 19:36:41 GMT","server":"ESF","cache-control":"private","x-xss-protection":"0","x-frame-options":"SAMEORIGIN","x-content-type-options":"nosniff","alt-svc":"h3-Q050=\":443\"; ma=2592000,h3-29=\":443\"; ma=2592000,h3-T051=\":443\"; ma=2592000,h3-T050=\":443\"; ma=2592000,h3-Q046=\":443\"; ma=2592000,h3-Q043=\":443\"; ma=2592000,quic=\":443\"; ma=2592000; v=\"46,43\"","accept-ranges":"none","transfer-encoding":"chunked"}
[debug] [2020-11-05T19:36:43.865Z] >>> HTTP REQUEST GET https://cloudfunctions.googleapis.com/v1/operations/Y3VyaW9zaXR5LTk3ZWNmL3VzLWNlbnRyYWwxL29uRmlsZUNoYW5nZS9LUFVGTkFhZGxwMA  
 
[debug] [2020-11-05T19:36:44.140Z] <<< HTTP RESPONSE 200 {"content-type":"application/json; charset=UTF-8","vary":"X-Origin, Referer, Origin,Accept-Encoding","date":"Thu, 05 Nov 2020 19:36:43 GMT","server":"ESF","cache-control":"private","x-xss-protection":"0","x-frame-options":"SAMEORIGIN","x-content-type-options":"nosniff","alt-svc":"h3-Q050=\":443\"; ma=2592000,h3-29=\":443\"; ma=2592000,h3-T051=\":443\"; ma=2592000,h3-T050=\":443\"; ma=2592000,h3-Q046=\":443\"; ma=2592000,h3-Q043=\":443\"; ma=2592000,quic=\":443\"; ma=2592000; v=\"46,43\"","accept-ranges":"none","transfer-encoding":"chunked"}
[debug] [2020-11-05T19:36:46.158Z] >>> HTTP REQUEST GET https://cloudfunctions.googleapis.com/v1/operations/Y3VyaW9zaXR5LTk3ZWNmL3VzLWNlbnRyYWwxL29uRmlsZUNoYW5nZS9LUFVGTkFhZGxwMA  
 
[debug] [2020-11-05T19:36:46.460Z] <<< HTTP RESPONSE 200 {"content-type":"application/json; charset=UTF-8","vary":"X-Origin, Referer, Origin,Accept-Encoding","date":"Thu, 05 Nov 2020 19:36:45 GMT","server":"ESF","cache-control":"private","x-xss-protection":"0","x-frame-options":"SAMEORIGIN","x-content-type-options":"nosniff","alt-svc":"h3-Q050=\":443\"; ma=2592000,h3-29=\":443\"; ma=2592000,h3-T051=\":443\"; ma=2592000,h3-T050=\":443\"; ma=2592000,h3-Q046=\":443\"; ma=2592000,h3-Q043=\":443\"; ma=2592000,quic=\":443\"; ma=2592000; v=\"46,43\"","accept-ranges":"none","transfer-encoding":"chunked"}
[debug] [2020-11-05T19:36:48.463Z] >>> HTTP REQUEST GET https://cloudfunctions.googleapis.com/v1/operations/Y3VyaW9zaXR5LTk3ZWNmL3VzLWNlbnRyYWwxL29uRmlsZUNoYW5nZS9LUFVGTkFhZGxwMA  
 
[debug] [2020-11-05T19:36:48.947Z] <<< HTTP RESPONSE 200 {"content-type":"application/json; charset=UTF-8","vary":"X-Origin, Referer, Origin,Accept-Encoding","date":"Thu, 05 Nov 2020 19:36:48 GMT","server":"ESF","cache-control":"private","x-xss-protection":"0","x-frame-options":"SAMEORIGIN","x-content-type-options":"nosniff","alt-svc":"h3-Q050=\":443\"; ma=2592000,h3-29=\":443\"; ma=2592000,h3-T051=\":443\"; ma=2592000,h3-T050=\":443\"; ma=2592000,h3-Q046=\":443\"; ma=2592000,h3-Q043=\":443\"; ma=2592000,quic=\":443\"; ma=2592000; v=\"46,43\"","accept-ranges":"none","transfer-encoding":"chunked"}
[debug] [2020-11-05T19:36:50.955Z] >>> HTTP REQUEST GET https://cloudfunctions.googleapis.com/v1/operations/Y3VyaW9zaXR5LTk3ZWNmL3VzLWNlbnRyYWwxL29uRmlsZUNoYW5nZS9LUFVGTkFhZGxwMA  
 
[debug] [2020-11-05T19:36:51.228Z] <<< HTTP RESPONSE 200 {"content-type":"application/json; charset=UTF-8","vary":"X-Origin, Referer, Origin,Accept-Encoding","date":"Thu, 05 Nov 2020 19:36:50 GMT","server":"ESF","cache-control":"private","x-xss-protection":"0","x-frame-options":"SAMEORIGIN","x-content-type-options":"nosniff","alt-svc":"h3-Q050=\":443\"; ma=2592000,h3-29=\":443\"; ma=2592000,h3-T051=\":443\"; ma=2592000,h3-T050=\":443\"; ma=2592000,h3-Q046=\":443\"; ma=2592000,h3-Q043=\":443\"; ma=2592000,quic=\":443\"; ma=2592000; v=\"46,43\"","accept-ranges":"none","transfer-encoding":"chunked"}
[debug] [2020-11-05T19:36:53.230Z] >>> HTTP REQUEST GET https://cloudfunctions.googleapis.com/v1/operations/Y3VyaW9zaXR5LTk3ZWNmL3VzLWNlbnRyYWwxL29uRmlsZUNoYW5nZS9LUFVGTkFhZGxwMA  
 
[debug] [2020-11-05T19:36:53.772Z] <<< HTTP RESPONSE 200 {"content-type":"application/json; charset=UTF-8","vary":"X-Origin, Referer, Origin,Accept-Encoding","date":"Thu, 05 Nov 2020 19:36:52 GMT","server":"ESF","cache-control":"private","x-xss-protection":"0","x-frame-options":"SAMEORIGIN","x-content-type-options":"nosniff","alt-svc":"h3-Q050=\":443\"; ma=2592000,h3-29=\":443\"; ma=2592000,h3-T051=\":443\"; ma=2592000,h3-T050=\":443\"; ma=2592000,h3-Q046=\":443\"; ma=2592000,h3-Q043=\":443\"; ma=2592000,quic=\":443\"; ma=2592000; v=\"46,43\"","accept-ranges":"none","transfer-encoding":"chunked"}
[debug] [2020-11-05T19:36:55.780Z] >>> HTTP REQUEST GET https://cloudfunctions.googleapis.com/v1/operations/Y3VyaW9zaXR5LTk3ZWNmL3VzLWNlbnRyYWwxL29uRmlsZUNoYW5nZS9LUFVGTkFhZGxwMA  
 
[debug] [2020-11-05T19:36:56.206Z] <<< HTTP RESPONSE 200 {"content-type":"application/json; charset=UTF-8","vary":"X-Origin, Referer, Origin,Accept-Encoding","date":"Thu, 05 Nov 2020 19:36:55 GMT","server":"ESF","cache-control":"private","x-xss-protection":"0","x-frame-options":"SAMEORIGIN","x-content-type-options":"nosniff","alt-svc":"h3-Q050=\":443\"; ma=2592000,h3-29=\":443\"; ma=2592000,h3-T051=\":443\"; ma=2592000,h3-T050=\":443\"; ma=2592000,h3-Q046=\":443\"; ma=2592000,h3-Q043=\":443\"; ma=2592000,quic=\":443\"; ma=2592000; v=\"46,43\"","accept-ranges":"none","transfer-encoding":"chunked"}
[debug] [2020-11-05T19:36:58.210Z] >>> HTTP REQUEST GET https://cloudfunctions.googleapis.com/v1/operations/Y3VyaW9zaXR5LTk3ZWNmL3VzLWNlbnRyYWwxL29uRmlsZUNoYW5nZS9LUFVGTkFhZGxwMA  
 
[debug] [2020-11-05T19:36:58.654Z] <<< HTTP RESPONSE 200 {"content-type":"application/json; charset=UTF-8","vary":"X-Origin, Referer, Origin,Accept-Encoding","date":"Thu, 05 Nov 2020 19:36:57 GMT","server":"ESF","cache-control":"private","x-xss-protection":"0","x-frame-options":"SAMEORIGIN","x-content-type-options":"nosniff","alt-svc":"h3-Q050=\":443\"; ma=2592000,h3-29=\":443\"; ma=2592000,h3-T051=\":443\"; ma=2592000,h3-T050=\":443\"; ma=2592000,h3-Q046=\":443\"; ma=2592000,h3-Q043=\":443\"; ma=2592000,quic=\":443\"; ma=2592000; v=\"46,43\"","accept-ranges":"none","transfer-encoding":"chunked"}
[debug] [2020-11-05T19:37:00.668Z] >>> HTTP REQUEST GET https://cloudfunctions.googleapis.com/v1/operations/Y3VyaW9zaXR5LTk3ZWNmL3VzLWNlbnRyYWwxL29uRmlsZUNoYW5nZS9LUFVGTkFhZGxwMA  
 
[debug] [2020-11-05T19:37:01.102Z] <<< HTTP RESPONSE 200 {"content-type":"application/json; charset=UTF-8","vary":"X-Origin, Referer, Origin,Accept-Encoding","date":"Thu, 05 Nov 2020 19:37:00 GMT","server":"ESF","cache-control":"private","x-xss-protection":"0","x-frame-options":"SAMEORIGIN","x-content-type-options":"nosniff","alt-svc":"h3-Q050=\":443\"; ma=2592000,h3-29=\":443\"; ma=2592000,h3-T051=\":443\"; ma=2592000,h3-T050=\":443\"; ma=2592000,h3-Q046=\":443\"; ma=2592000,h3-Q043=\":443\"; ma=2592000,quic=\":443\"; ma=2592000; v=\"46,43\"","accept-ranges":"none","transfer-encoding":"chunked"}
[debug] [2020-11-05T19:37:03.114Z] >>> HTTP REQUEST GET https://cloudfunctions.googleapis.com/v1/operations/Y3VyaW9zaXR5LTk3ZWNmL3VzLWNlbnRyYWwxL29uRmlsZUNoYW5nZS9LUFVGTkFhZGxwMA  
 
[debug] [2020-11-05T19:37:03.400Z] <<< HTTP RESPONSE 200 {"content-type":"application/json; charset=UTF-8","vary":"X-Origin, Referer, Origin,Accept-Encoding","date":"Thu, 05 Nov 2020 19:37:02 GMT","server":"ESF","cache-control":"private","x-xss-protection":"0","x-frame-options":"SAMEORIGIN","x-content-type-options":"nosniff","alt-svc":"h3-Q050=\":443\"; ma=2592000,h3-29=\":443\"; ma=2592000,h3-T051=\":443\"; ma=2592000,h3-T050=\":443\"; ma=2592000,h3-Q046=\":443\"; ma=2592000,h3-Q043=\":443\"; ma=2592000,quic=\":443\"; ma=2592000; v=\"46,43\"","accept-ranges":"none","transfer-encoding":"chunked"}
[debug] [2020-11-05T19:37:05.417Z] >>> HTTP REQUEST GET https://cloudfunctions.googleapis.com/v1/operations/Y3VyaW9zaXR5LTk3ZWNmL3VzLWNlbnRyYWwxL29uRmlsZUNoYW5nZS9LUFVGTkFhZGxwMA  
 
[debug] [2020-11-05T19:37:05.716Z] <<< HTTP RESPONSE 200 {"content-type":"application/json; charset=UTF-8","vary":"X-Origin, Referer, Origin,Accept-Encoding","date":"Thu, 05 Nov 2020 19:37:04 GMT","server":"ESF","cache-control":"private","x-xss-protection":"0","x-frame-options":"SAMEORIGIN","x-content-type-options":"nosniff","alt-svc":"h3-Q050=\":443\"; ma=2592000,h3-29=\":443\"; ma=2592000,h3-T051=\":443\"; ma=2592000,h3-T050=\":443\"; ma=2592000,h3-Q046=\":443\"; ma=2592000,h3-Q043=\":443\"; ma=2592000,quic=\":443\"; ma=2592000; v=\"46,43\"","accept-ranges":"none","transfer-encoding":"chunked"}
[debug] [2020-11-05T19:37:07.730Z] >>> HTTP REQUEST GET https://cloudfunctions.googleapis.com/v1/operations/Y3VyaW9zaXR5LTk3ZWNmL3VzLWNlbnRyYWwxL29uRmlsZUNoYW5nZS9LUFVGTkFhZGxwMA  
 
[debug] [2020-11-05T19:37:08.044Z] <<< HTTP RESPONSE 200 {"content-type":"application/json; charset=UTF-8","vary":"X-Origin, Referer, Origin,Accept-Encoding","date":"Thu, 05 Nov 2020 19:37:07 GMT","server":"ESF","cache-control":"private","x-xss-protection":"0","x-frame-options":"SAMEORIGIN","x-content-type-options":"nosniff","alt-svc":"h3-Q050=\":443\"; ma=2592000,h3-29=\":443\"; ma=2592000,h3-T051=\":443\"; ma=2592000,h3-T050=\":443\"; ma=2592000,h3-Q046=\":443\"; ma=2592000,h3-Q043=\":443\"; ma=2592000,quic=\":443\"; ma=2592000; v=\"46,43\"","accept-ranges":"none","transfer-encoding":"chunked"}
[debug] [2020-11-05T19:37:10.058Z] >>> HTTP REQUEST GET https://cloudfunctions.googleapis.com/v1/operations/Y3VyaW9zaXR5LTk3ZWNmL3VzLWNlbnRyYWwxL29uRmlsZUNoYW5nZS9LUFVGTkFhZGxwMA  
 
[debug] [2020-11-05T19:37:10.331Z] <<< HTTP RESPONSE 200 {"content-type":"application/json; charset=UTF-8","vary":"X-Origin, Referer, Origin,Accept-Encoding","date":"Thu, 05 Nov 2020 19:37:09 GMT","server":"ESF","cache-control":"private","x-xss-protection":"0","x-frame-options":"SAMEORIGIN","x-content-type-options":"nosniff","alt-svc":"h3-Q050=\":443\"; ma=2592000,h3-29=\":443\"; ma=2592000,h3-T051=\":443\"; ma=2592000,h3-T050=\":443\"; ma=2592000,h3-Q046=\":443\"; ma=2592000,h3-Q043=\":443\"; ma=2592000,quic=\":443\"; ma=2592000; v=\"46,43\"","accept-ranges":"none","transfer-encoding":"chunked"}
[debug] [2020-11-05T19:37:12.335Z] >>> HTTP REQUEST GET https://cloudfunctions.googleapis.com/v1/operations/Y3VyaW9zaXR5LTk3ZWNmL3VzLWNlbnRyYWwxL29uRmlsZUNoYW5nZS9LUFVGTkFhZGxwMA  
 
[debug] [2020-11-05T19:37:12.782Z] <<< HTTP RESPONSE 200 {"content-type":"application/json; charset=UTF-8","vary":"X-Origin, Referer, Origin,Accept-Encoding","date":"Thu, 05 Nov 2020 19:37:11 GMT","server":"ESF","cache-control":"private","x-xss-protection":"0","x-frame-options":"SAMEORIGIN","x-content-type-options":"nosniff","alt-svc":"h3-Q050=\":443\"; ma=2592000,h3-29=\":443\"; ma=2592000,h3-T051=\":443\"; ma=2592000,h3-T050=\":443\"; ma=2592000,h3-Q046=\":443\"; ma=2592000,h3-Q043=\":443\"; ma=2592000,quic=\":443\"; ma=2592000; v=\"46,43\"","accept-ranges":"none","transfer-encoding":"chunked"}
[debug] [2020-11-05T19:37:14.784Z] >>> HTTP REQUEST GET https://cloudfunctions.googleapis.com/v1/operations/Y3VyaW9zaXR5LTk3ZWNmL3VzLWNlbnRyYWwxL29uRmlsZUNoYW5nZS9LUFVGTkFhZGxwMA  
 
[debug] [2020-11-05T19:37:15.050Z] <<< HTTP RESPONSE 200 {"content-type":"application/json; charset=UTF-8","vary":"X-Origin, Referer, Origin,Accept-Encoding","date":"Thu, 05 Nov 2020 19:37:14 GMT","server":"ESF","cache-control":"private","x-xss-protection":"0","x-frame-options":"SAMEORIGIN","x-content-type-options":"nosniff","alt-svc":"h3-Q050=\":443\"; ma=2592000,h3-29=\":443\"; ma=2592000,h3-T051=\":443\"; ma=2592000,h3-T050=\":443\"; ma=2592000,h3-Q046=\":443\"; ma=2592000,h3-Q043=\":443\"; ma=2592000,quic=\":443\"; ma=2592000; v=\"46,43\"","accept-ranges":"none","transfer-encoding":"chunked"}
[debug] [2020-11-05T19:37:17.052Z] >>> HTTP REQUEST GET https://cloudfunctions.googleapis.com/v1/operations/Y3VyaW9zaXR5LTk3ZWNmL3VzLWNlbnRyYWwxL29uRmlsZUNoYW5nZS9LUFVGTkFhZGxwMA  
 
[debug] [2020-11-05T19:37:17.480Z] <<< HTTP RESPONSE 200 {"content-type":"application/json; charset=UTF-8","vary":"X-Origin, Referer, Origin,Accept-Encoding","date":"Thu, 05 Nov 2020 19:37:16 GMT","server":"ESF","cache-control":"private","x-xss-protection":"0","x-frame-options":"SAMEORIGIN","x-content-type-options":"nosniff","alt-svc":"h3-Q050=\":443\"; ma=2592000,h3-29=\":443\"; ma=2592000,h3-T051=\":443\"; ma=2592000,h3-T050=\":443\"; ma=2592000,h3-Q046=\":443\"; ma=2592000,h3-Q043=\":443\"; ma=2592000,quic=\":443\"; ma=2592000; v=\"46,43\"","accept-ranges":"none","transfer-encoding":"chunked"}
[debug] [2020-11-05T19:37:19.487Z] >>> HTTP REQUEST GET https://cloudfunctions.googleapis.com/v1/operations/Y3VyaW9zaXR5LTk3ZWNmL3VzLWNlbnRyYWwxL29uRmlsZUNoYW5nZS9LUFVGTkFhZGxwMA  
 
[debug] [2020-11-05T19:37:19.752Z] <<< HTTP RESPONSE 200 {"content-type":"application/json; charset=UTF-8","vary":"X-Origin, Referer, Origin,Accept-Encoding","date":"Thu, 05 Nov 2020 19:37:18 GMT","server":"ESF","cache-control":"private","x-xss-protection":"0","x-frame-options":"SAMEORIGIN","x-content-type-options":"nosniff","alt-svc":"h3-Q050=\":443\"; ma=2592000,h3-29=\":443\"; ma=2592000,h3-T051=\":443\"; ma=2592000,h3-T050=\":443\"; ma=2592000,h3-Q046=\":443\"; ma=2592000,h3-Q043=\":443\"; ma=2592000,quic=\":443\"; ma=2592000; v=\"46,43\"","accept-ranges":"none","transfer-encoding":"chunked"}
[debug] [2020-11-05T19:37:21.765Z] >>> HTTP REQUEST GET https://cloudfunctions.googleapis.com/v1/operations/Y3VyaW9zaXR5LTk3ZWNmL3VzLWNlbnRyYWwxL29uRmlsZUNoYW5nZS9LUFVGTkFhZGxwMA  
 
[debug] [2020-11-05T19:37:22.083Z] <<< HTTP RESPONSE 200 {"content-type":"application/json; charset=UTF-8","vary":"X-Origin, Referer, Origin,Accept-Encoding","date":"Thu, 05 Nov 2020 19:37:21 GMT","server":"ESF","cache-control":"private","x-xss-protection":"0","x-frame-options":"SAMEORIGIN","x-content-type-options":"nosniff","alt-svc":"h3-Q050=\":443\"; ma=2592000,h3-29=\":443\"; ma=2592000,h3-T051=\":443\"; ma=2592000,h3-T050=\":443\"; ma=2592000,h3-Q046=\":443\"; ma=2592000,h3-Q043=\":443\"; ma=2592000,quic=\":443\"; ma=2592000; v=\"46,43\"","accept-ranges":"none","transfer-encoding":"chunked"}
[debug] [2020-11-05T19:37:24.092Z] >>> HTTP REQUEST GET https://cloudfunctions.googleapis.com/v1/operations/Y3VyaW9zaXR5LTk3ZWNmL3VzLWNlbnRyYWwxL29uRmlsZUNoYW5nZS9LUFVGTkFhZGxwMA  
 
[debug] [2020-11-05T19:37:24.373Z] <<< HTTP RESPONSE 200 {"content-type":"application/json; charset=UTF-8","vary":"X-Origin, Referer, Origin,Accept-Encoding","date":"Thu, 05 Nov 2020 19:37:23 GMT","server":"ESF","cache-control":"private","x-xss-protection":"0","x-frame-options":"SAMEORIGIN","x-content-type-options":"nosniff","alt-svc":"h3-Q050=\":443\"; ma=2592000,h3-29=\":443\"; ma=2592000,h3-T051=\":443\"; ma=2592000,h3-T050=\":443\"; ma=2592000,h3-Q046=\":443\"; ma=2592000,h3-Q043=\":443\"; ma=2592000,quic=\":443\"; ma=2592000; v=\"46,43\"","accept-ranges":"none","transfer-encoding":"chunked"}
[debug] [2020-11-05T19:37:26.378Z] >>> HTTP REQUEST GET https://cloudfunctions.googleapis.com/v1/operations/Y3VyaW9zaXR5LTk3ZWNmL3VzLWNlbnRyYWwxL29uRmlsZUNoYW5nZS9LUFVGTkFhZGxwMA  
 
[debug] [2020-11-05T19:37:26.734Z] <<< HTTP RESPONSE 200 {"content-type":"application/json; charset=UTF-8","vary":"X-Origin, Referer, Origin,Accept-Encoding","date":"Thu, 05 Nov 2020 19:37:25 GMT","server":"ESF","cache-control":"private","x-xss-protection":"0","x-frame-options":"SAMEORIGIN","x-content-type-options":"nosniff","alt-svc":"h3-Q050=\":443\"; ma=2592000,h3-29=\":443\"; ma=2592000,h3-T051=\":443\"; ma=2592000,h3-T050=\":443\"; ma=2592000,h3-Q046=\":443\"; ma=2592000,h3-Q043=\":443\"; ma=2592000,quic=\":443\"; ma=2592000; v=\"46,43\"","accept-ranges":"none","transfer-encoding":"chunked"}
[debug] [2020-11-05T19:37:28.738Z] >>> HTTP REQUEST GET https://cloudfunctions.googleapis.com/v1/operations/Y3VyaW9zaXR5LTk3ZWNmL3VzLWNlbnRyYWwxL29uRmlsZUNoYW5nZS9LUFVGTkFhZGxwMA  
 
[debug] [2020-11-05T19:37:29.016Z] <<< HTTP RESPONSE 200 {"content-type":"application/json; charset=UTF-8","vary":"X-Origin, Referer, Origin,Accept-Encoding","date":"Thu, 05 Nov 2020 19:37:28 GMT","server":"ESF","cache-control":"private","x-xss-protection":"0","x-frame-options":"SAMEORIGIN","x-content-type-options":"nosniff","alt-svc":"h3-Q050=\":443\"; ma=2592000,h3-29=\":443\"; ma=2592000,h3-T051=\":443\"; ma=2592000,h3-T050=\":443\"; ma=2592000,h3-Q046=\":443\"; ma=2592000,h3-Q043=\":443\"; ma=2592000,quic=\":443\"; ma=2592000; v=\"46,43\"","accept-ranges":"none","transfer-encoding":"chunked"}
[debug] [2020-11-05T19:37:31.029Z] >>> HTTP REQUEST GET https://cloudfunctions.googleapis.com/v1/operations/Y3VyaW9zaXR5LTk3ZWNmL3VzLWNlbnRyYWwxL29uRmlsZUNoYW5nZS9LUFVGTkFhZGxwMA  
 
[debug] [2020-11-05T19:37:31.468Z] <<< HTTP RESPONSE 200 {"content-type":"application/json; charset=UTF-8","vary":"X-Origin, Referer, Origin,Accept-Encoding","date":"Thu, 05 Nov 2020 19:37:30 GMT","server":"ESF","cache-control":"private","x-xss-protection":"0","x-frame-options":"SAMEORIGIN","x-content-type-options":"nosniff","alt-svc":"h3-Q050=\":443\"; ma=2592000,h3-29=\":443\"; ma=2592000,h3-T051=\":443\"; ma=2592000,h3-T050=\":443\"; ma=2592000,h3-Q046=\":443\"; ma=2592000,h3-Q043=\":443\"; ma=2592000,quic=\":443\"; ma=2592000; v=\"46,43\"","accept-ranges":"none","transfer-encoding":"chunked"}
[debug] [2020-11-05T19:37:33.471Z] >>> HTTP REQUEST GET https://cloudfunctions.googleapis.com/v1/operations/Y3VyaW9zaXR5LTk3ZWNmL3VzLWNlbnRyYWwxL29uRmlsZUNoYW5nZS9LUFVGTkFhZGxwMA  
 
[debug] [2020-11-05T19:37:33.756Z] <<< HTTP RESPONSE 200 {"content-type":"application/json; charset=UTF-8","vary":"X-Origin, Referer, Origin,Accept-Encoding","date":"Thu, 05 Nov 2020 19:37:32 GMT","server":"ESF","cache-control":"private","x-xss-protection":"0","x-frame-options":"SAMEORIGIN","x-content-type-options":"nosniff","alt-svc":"h3-Q050=\":443\"; ma=2592000,h3-29=\":443\"; ma=2592000,h3-T051=\":443\"; ma=2592000,h3-T050=\":443\"; ma=2592000,h3-Q046=\":443\"; ma=2592000,h3-Q043=\":443\"; ma=2592000,quic=\":443\"; ma=2592000; v=\"46,43\"","accept-ranges":"none","transfer-encoding":"chunked"}
[debug] [2020-11-05T19:37:35.758Z] >>> HTTP REQUEST GET https://cloudfunctions.googleapis.com/v1/operations/Y3VyaW9zaXR5LTk3ZWNmL3VzLWNlbnRyYWwxL29uRmlsZUNoYW5nZS9LUFVGTkFhZGxwMA  
 
[debug] [2020-11-05T19:37:36.028Z] <<< HTTP RESPONSE 200 {"content-type":"application/json; charset=UTF-8","vary":"X-Origin, Referer, Origin,Accept-Encoding","date":"Thu, 05 Nov 2020 19:37:35 GMT","server":"ESF","cache-control":"private","x-xss-protection":"0","x-frame-options":"SAMEORIGIN","x-content-type-options":"nosniff","alt-svc":"h3-Q050=\":443\"; ma=2592000,h3-29=\":443\"; ma=2592000,h3-T051=\":443\"; ma=2592000,h3-T050=\":443\"; ma=2592000,h3-Q046=\":443\"; ma=2592000,h3-Q043=\":443\"; ma=2592000,quic=\":443\"; ma=2592000; v=\"46,43\"","accept-ranges":"none","transfer-encoding":"chunked"}
[debug] [2020-11-05T19:37:38.042Z] >>> HTTP REQUEST GET https://cloudfunctions.googleapis.com/v1/operations/Y3VyaW9zaXR5LTk3ZWNmL3VzLWNlbnRyYWwxL29uRmlsZUNoYW5nZS9LUFVGTkFhZGxwMA  
 
[debug] [2020-11-05T19:37:38.488Z] <<< HTTP RESPONSE 200 {"content-type":"application/json; charset=UTF-8","vary":"X-Origin, Referer, Origin,Accept-Encoding","date":"Thu, 05 Nov 2020 19:37:37 GMT","server":"ESF","cache-control":"private","x-xss-protection":"0","x-frame-options":"SAMEORIGIN","x-content-type-options":"nosniff","alt-svc":"h3-Q050=\":443\"; ma=2592000,h3-29=\":443\"; ma=2592000,h3-T051=\":443\"; ma=2592000,h3-T050=\":443\"; ma=2592000,h3-Q046=\":443\"; ma=2592000,h3-Q043=\":443\"; ma=2592000,quic=\":443\"; ma=2592000; v=\"46,43\"","accept-ranges":"none","transfer-encoding":"chunked"}
[debug] [2020-11-05T19:37:40.503Z] >>> HTTP REQUEST GET https://cloudfunctions.googleapis.com/v1/operations/Y3VyaW9zaXR5LTk3ZWNmL3VzLWNlbnRyYWwxL29uRmlsZUNoYW5nZS9LUFVGTkFhZGxwMA  
 
[debug] [2020-11-05T19:37:40.776Z] <<< HTTP RESPONSE 200 {"content-type":"application/json; charset=UTF-8","vary":"X-Origin, Referer, Origin,Accept-Encoding","date":"Thu, 05 Nov 2020 19:37:39 GMT","server":"ESF","cache-control":"private","x-xss-protection":"0","x-frame-options":"SAMEORIGIN","x-content-type-options":"nosniff","alt-svc":"h3-Q050=\":443\"; ma=2592000,h3-29=\":443\"; ma=2592000,h3-T051=\":443\"; ma=2592000,h3-T050=\":443\"; ma=2592000,h3-Q046=\":443\"; ma=2592000,h3-Q043=\":443\"; ma=2592000,quic=\":443\"; ma=2592000; v=\"46,43\"","accept-ranges":"none","transfer-encoding":"chunked"}
[debug] [2020-11-05T19:37:42.784Z] >>> HTTP REQUEST GET https://cloudfunctions.googleapis.com/v1/operations/Y3VyaW9zaXR5LTk3ZWNmL3VzLWNlbnRyYWwxL29uRmlsZUNoYW5nZS9LUFVGTkFhZGxwMA  
 
[debug] [2020-11-05T19:37:43.211Z] <<< HTTP RESPONSE 200 {"content-type":"application/json; charset=UTF-8","vary":"X-Origin, Referer, Origin,Accept-Encoding","date":"Thu, 05 Nov 2020 19:37:42 GMT","server":"ESF","cache-control":"private","x-xss-protection":"0","x-frame-options":"SAMEORIGIN","x-content-type-options":"nosniff","alt-svc":"h3-Q050=\":443\"; ma=2592000,h3-29=\":443\"; ma=2592000,h3-T051=\":443\"; ma=2592000,h3-T050=\":443\"; ma=2592000,h3-Q046=\":443\"; ma=2592000,h3-Q043=\":443\"; ma=2592000,quic=\":443\"; ma=2592000; v=\"46,43\"","accept-ranges":"none","transfer-encoding":"chunked"}
[debug] [2020-11-05T19:37:45.224Z] >>> HTTP REQUEST GET https://cloudfunctions.googleapis.com/v1/operations/Y3VyaW9zaXR5LTk3ZWNmL3VzLWNlbnRyYWwxL29uRmlsZUNoYW5nZS9LUFVGTkFhZGxwMA  
 
[debug] [2020-11-05T19:37:45.703Z] <<< HTTP RESPONSE 200 {"content-type":"application/json; charset=UTF-8","vary":"X-Origin, Referer, Origin,Accept-Encoding","date":"Thu, 05 Nov 2020 19:37:44 GMT","server":"ESF","cache-control":"private","x-xss-protection":"0","x-frame-options":"SAMEORIGIN","x-content-type-options":"nosniff","alt-svc":"h3-Q050=\":443\"; ma=2592000,h3-29=\":443\"; ma=2592000,h3-T051=\":443\"; ma=2592000,h3-T050=\":443\"; ma=2592000,h3-Q046=\":443\"; ma=2592000,h3-Q043=\":443\"; ma=2592000,quic=\":443\"; ma=2592000; v=\"46,43\"","accept-ranges":"none","transfer-encoding":"chunked"}
[debug] [2020-11-05T19:37:47.706Z] >>> HTTP REQUEST GET https://cloudfunctions.googleapis.com/v1/operations/Y3VyaW9zaXR5LTk3ZWNmL3VzLWNlbnRyYWwxL29uRmlsZUNoYW5nZS9LUFVGTkFhZGxwMA  
 
[debug] [2020-11-05T19:37:47.972Z] <<< HTTP RESPONSE 200 {"content-type":"application/json; charset=UTF-8","vary":"X-Origin, Referer, Origin,Accept-Encoding","date":"Thu, 05 Nov 2020 19:37:47 GMT","server":"ESF","cache-control":"private","x-xss-protection":"0","x-frame-options":"SAMEORIGIN","x-content-type-options":"nosniff","alt-svc":"h3-Q050=\":443\"; ma=2592000,h3-29=\":443\"; ma=2592000,h3-T051=\":443\"; ma=2592000,h3-T050=\":443\"; ma=2592000,h3-Q046=\":443\"; ma=2592000,h3-Q043=\":443\"; ma=2592000,quic=\":443\"; ma=2592000; v=\"46,43\"","accept-ranges":"none","transfer-encoding":"chunked"}
[debug] [2020-11-05T19:37:49.983Z] >>> HTTP REQUEST GET https://cloudfunctions.googleapis.com/v1/operations/Y3VyaW9zaXR5LTk3ZWNmL3VzLWNlbnRyYWwxL29uRmlsZUNoYW5nZS9LUFVGTkFhZGxwMA  
 
[debug] [2020-11-05T19:37:50.432Z] <<< HTTP RESPONSE 200 {"content-type":"application/json; charset=UTF-8","vary":"X-Origin, Referer, Origin,Accept-Encoding","date":"Thu, 05 Nov 2020 19:37:49 GMT","server":"ESF","cache-control":"private","x-xss-protection":"0","x-frame-options":"SAMEORIGIN","x-content-type-options":"nosniff","alt-svc":"h3-Q050=\":443\"; ma=2592000,h3-29=\":443\"; ma=2592000,h3-T051=\":443\"; ma=2592000,h3-T050=\":443\"; ma=2592000,h3-Q046=\":443\"; ma=2592000,h3-Q043=\":443\"; ma=2592000,quic=\":443\"; ma=2592000; v=\"46,43\"","accept-ranges":"none","transfer-encoding":"chunked"}
[debug] [2020-11-05T19:37:52.442Z] >>> HTTP REQUEST GET https://cloudfunctions.googleapis.com/v1/operations/Y3VyaW9zaXR5LTk3ZWNmL3VzLWNlbnRyYWwxL29uRmlsZUNoYW5nZS9LUFVGTkFhZGxwMA  
 
[debug] [2020-11-05T19:37:53.054Z] <<< HTTP RESPONSE 200 {"content-type":"application/json; charset=UTF-8","vary":"X-Origin, Referer, Origin,Accept-Encoding","date":"Thu, 05 Nov 2020 19:37:52 GMT","server":"ESF","cache-control":"private","x-xss-protection":"0","x-frame-options":"SAMEORIGIN","x-content-type-options":"nosniff","alt-svc":"h3-Q050=\":443\"; ma=2592000,h3-29=\":443\"; ma=2592000,h3-T051=\":443\"; ma=2592000,h3-T050=\":443\"; ma=2592000,h3-Q046=\":443\"; ma=2592000,h3-Q043=\":443\"; ma=2592000,quic=\":443\"; ma=2592000; v=\"46,43\"","accept-ranges":"none","transfer-encoding":"chunked"}
[debug] [2020-11-05T19:37:55.060Z] >>> HTTP REQUEST GET https://cloudfunctions.googleapis.com/v1/operations/Y3VyaW9zaXR5LTk3ZWNmL3VzLWNlbnRyYWwxL29uRmlsZUNoYW5nZS9LUFVGTkFhZGxwMA  
 
[debug] [2020-11-05T19:37:55.327Z] <<< HTTP RESPONSE 200 {"content-type":"application/json; charset=UTF-8","vary":"X-Origin, Referer, Origin,Accept-Encoding","date":"Thu, 05 Nov 2020 19:37:54 GMT","server":"ESF","cache-control":"private","x-xss-protection":"0","x-frame-options":"SAMEORIGIN","x-content-type-options":"nosniff","alt-svc":"h3-Q050=\":443\"; ma=2592000,h3-29=\":443\"; ma=2592000,h3-T051=\":443\"; ma=2592000,h3-T050=\":443\"; ma=2592000,h3-Q046=\":443\"; ma=2592000,h3-Q043=\":443\"; ma=2592000,quic=\":443\"; ma=2592000; v=\"46,43\"","accept-ranges":"none","transfer-encoding":"chunked"}
[info] +  functions[onFileChange(us-central1)]: Successful create operation.  
[info] 
[info] +  Deploy complete! 
[info] 
[info] Project Console: https://console.firebase.google.com/project/curiosity-97ecf/overview
